Arguments: 
  D:\React Native\node.exe C:\Program Files (x86)\Yarn\bin\yarn.js add @react-navigation/native

PATH: 
  C:\Program Files (x86)\Razer\ChromaBroadcast\bin;C:\Program Files\Razer\ChromaBroadcast\bin;D:\app\jahangirib\product\11.2.0\client_2;D:\app\jahangirib\product\11.2.0\client_2\bin;C:\Python27\;C:\Python27\Scripts;C:\Program Files (x86)\Common Files\Oracle\Java\javapath;C:\ProgramData\Oracle\Java\javapath;D:\app\jahangirib\product\11.2.0\client_1;D:\app\jahangirib\product\11.2.0\client_1\bin;C:\Windows\system32;C:\Windows;C:\Windows\System32\Wbem;C:\Windows\System32\WindowsPowerShell\v1.0\;C:\Windows\System32\OpenSSH\;C:\Program Files\Microsoft SQL Server\120\Tools\Binn\;C:\Program Files\Microsoft SQL Server\130\Tools\Binn\;C:\ProgramData\chocolatey\bin;C:\Program Files\Java\jdk1.8.0_211\bin;C:\Program Files (x86)\Yarn\bin\;C:\Program Files\Git\cmd;C:\Program Files\Microsoft SQL Server\Client SDK\ODBC\170\Tools\Binn\;C:\Program Files\dotnet\;C:\Program Files (x86)\Microsoft SQL Server\150\DTS\Binn\;C:\Program Files\Microsoft SQL Server\Client SDK\ODBC\130\Tools\Binn\;C:\Program Files (x86)\Microsoft SQL Server\140\Tools\Binn\;C:\Program Files\Microsoft SQL Server\140\Tools\Binn\;C:\Program Files\Microsoft SQL Server\140\DTS\Binn\;C:\Windows\system32\config\systemprofile\AppData\Local\Microsoft\WindowsApps;;C:\Program Files\Intel\WiFi\bin\;C:\Program Files\Common Files\Intel\WirelessCommon\;C:\Program Files (x86)\Intel\Intel(R) Management Engine Components\DAL;C:\Program Files\Intel\Intel(R) Management Engine Components\DAL;C:\Program Files (x86)\Sennheiser\SenncomSDK\;C:\Program Files (x86)\Windows Kits\10\Windows Performance Toolkit\;D:\React Native\;C:\Users\jahangirib\AppData\Local\Microsoft\WindowsApps;C:\Users\jahangirib\AppData\Local\Android\Sdk\platform-tools;C:\Users\jahangirib\AppData\Local\Programs\Microsoft VS Code\bin;C:\Users\jahangirib\AppData\Local\Yarn\bin;C:\Users\jahangirib\AppData\Roaming\npm;C:\Users\jahangirib\.dotnet\tools;C:\Users\jahangirib\AppData\Local\Programs\Fiddler;C:\Users\jahangirib\.dotnet\tools

Yarn version: 
  1.17.3

Node version: 
  16.16.0

Platform: 
  win32 x64

Trace: 
  Error: EPERM: operation not permitted, unlink 'D:\React Native\Projects\RnCourseNavigation\node_modules\@egjs\hammerjs\dist'

npm manifest: 
  {
    "name": "rncourse",
    "version": "1.0.0",
    "main": "node_modules/expo/AppEntry.js",
    "scripts": {
      "start": "expo start",
      "android": "expo start --android",
      "ios": "expo start --ios",
      "web": "expo start --web",
      "eject": "expo eject"
    },
    "dependencies": {
      "@react-navigation/native": "^6.0.12",
      "@react-navigation/stack": "^6.2.3",
      "expo": "^46.0.9",
      "expo-status-bar": "~1.4.0",
      "react": "18.0.0",
      "react-dom": "18.0.0",
      "react-native": "^0.69.5",
      "react-native-safe-area-context": "4.3.1",
      "react-native-screens": "~3.15.0",
      "react-native-web": "~0.18.7"
    },
    "devDependencies": {
      "@babel/core": "^7.12.9"
    },
    "private": true
  }

yarn manifest: 
  No manifest

Lockfile: 
  No lockfile
